This file contains any messages produced by compilers while
running configure, to aid debugging if configure makes a mistake.

It was created by biker configure 1.0, which was
generated by GNU Autoconf 2.64.  Invocation command line was

  $ ./configure 

## --------- ##
## Platform. ##
## --------- ##

hostname = notlob
uname -m = x86_64
uname -r = 2.6.30-2-amd64
uname -s = Linux
uname -v = #1 SMP Fri Sep 25 22:16:56 UTC 2009

/usr/bin/uname -p = unknown
/bin/uname -X     = unknown

/bin/arch              = unknown
/usr/bin/arch -k       = unknown
/usr/convex/getsysinfo = unknown
/usr/bin/hostinfo      = unknown
/bin/machine           = unknown
/usr/bin/oslevel       = unknown
/bin/universe          = unknown

PATH: /home/tomek/bin
PATH: /usr/local/bin
PATH: /usr/bin
PATH: /bin
PATH: /usr/games
PATH: /home/tomek/bin


## ----------- ##
## Core tests. ##
## ----------- ##

configure:2137: checking for a BSD-compatible install
configure:2205: result: /usr/bin/install -c
configure:2216: checking whether build environment is sane
configure:2266: result: yes
configure:2407: checking for a thread-safe mkdir -p
configure:2446: result: /bin/mkdir -p
configure:2459: checking for gawk
configure:2489: result: no
configure:2459: checking for mawk
configure:2475: found /usr/bin/mawk
configure:2486: result: mawk
configure:2497: checking whether make sets $(MAKE)
configure:2519: result: yes
configure:2659: checking for g++
configure:2675: found /usr/bin/g++
configure:2686: result: g++
configure:2713: checking for C++ compiler version
configure:2722: g++ --version >&5
g++ (Debian 4.3.4-5) 4.3.4
Copyright (C) 2008 Free Software Foundation, Inc.
This is free software; see the source for copying conditions.  There is NO
warranty; not even for MERCHANTABILITY or FITNESS FOR A PARTICULAR PURPOSE.

configure:2733: $? = 0
configure:2722: g++ -v >&5
Using built-in specs.
Target: x86_64-linux-gnu
Configured with: ../src/configure -v --with-pkgversion='Debian 4.3.4-5' --with-bugurl=file:///usr/share/doc/gcc-4.3/README.Bugs --enable-languages=c,c++,fortran,objc,obj-c++ --prefix=/usr --enable-shared --enable-multiarch --enable-linker-build-id --with-system-zlib --libexecdir=/usr/lib --without-included-gettext --enable-threads=posix --enable-nls --with-gxx-include-dir=/usr/include/c++/4.3 --program-suffix=-4.3 --enable-clocale=gnu --enable-libstdcxx-debug --enable-objc-gc --enable-mpfr --with-tune=generic --enable-checking=release --build=x86_64-linux-gnu --host=x86_64-linux-gnu --target=x86_64-linux-gnu
Thread model: posix
gcc version 4.3.4 (Debian 4.3.4-5) 
configure:2733: $? = 0
configure:2722: g++ -V >&5
g++: '-V' option must have argument
configure:2733: $? = 1
configure:2722: g++ -qversion >&5
g++: unrecognized option '-qversion'
g++: no input files
configure:2733: $? = 1
configure:2755: checking for C++ compiler default output file name
configure:2777: g++    conftest.cpp  >&5
configure:2781: $? = 0
configure:2818: result: a.out
configure:2834: checking whether the C++ compiler works
configure:2843: ./a.out
configure:2847: $? = 0
configure:2862: result: yes
configure:2869: checking whether we are cross compiling
configure:2871: result: no
configure:2874: checking for suffix of executables
configure:2881: g++ -o conftest    conftest.cpp  >&5
configure:2885: $? = 0
configure:2907: result: 
configure:2913: checking for suffix of object files
configure:2935: g++ -c   conftest.cpp >&5
configure:2939: $? = 0
configure:2960: result: o
configure:2964: checking whether we are using the GNU C++ compiler
configure:2983: g++ -c   conftest.cpp >&5
configure:2983: $? = 0
configure:2992: result: yes
configure:3001: checking whether g++ accepts -g
configure:3021: g++ -c -g  conftest.cpp >&5
configure:3021: $? = 0
configure:3062: result: yes
configure:3096: checking for style of include used by make
configure:3124: result: GNU
configure:3149: checking dependency style of g++
configure:3259: result: gcc3
configure:3322: checking for gcc
configure:3338: found /usr/bin/gcc
configure:3349: result: gcc
configure:3578: checking for C compiler version
configure:3587: gcc --version >&5
gcc (Debian 4.3.4-5) 4.3.4
Copyright (C) 2008 Free Software Foundation, Inc.
This is free software; see the source for copying conditions.  There is NO
warranty; not even for MERCHANTABILITY or FITNESS FOR A PARTICULAR PURPOSE.

configure:3598: $? = 0
configure:3587: gcc -v >&5
Using built-in specs.
Target: x86_64-linux-gnu
Configured with: ../src/configure -v --with-pkgversion='Debian 4.3.4-5' --with-bugurl=file:///usr/share/doc/gcc-4.3/README.Bugs --enable-languages=c,c++,fortran,objc,obj-c++ --prefix=/usr --enable-shared --enable-multiarch --enable-linker-build-id --with-system-zlib --libexecdir=/usr/lib --without-included-gettext --enable-threads=posix --enable-nls --with-gxx-include-dir=/usr/include/c++/4.3 --program-suffix=-4.3 --enable-clocale=gnu --enable-libstdcxx-debug --enable-objc-gc --enable-mpfr --with-tune=generic --enable-checking=release --build=x86_64-linux-gnu --host=x86_64-linux-gnu --target=x86_64-linux-gnu
Thread model: posix
gcc version 4.3.4 (Debian 4.3.4-5) 
configure:3598: $? = 0
configure:3587: gcc -V >&5
gcc: '-V' option must have argument
configure:3598: $? = 1
configure:3587: gcc -qversion >&5
gcc: unrecognized option '-qversion'
gcc: no input files
configure:3598: $? = 1
configure:3602: checking whether we are using the GNU C compiler
configure:3621: gcc -c   conftest.c >&5
configure:3621: $? = 0
configure:3630: result: yes
configure:3639: checking whether gcc accepts -g
configure:3659: gcc -c -g  conftest.c >&5
configure:3659: $? = 0
configure:3700: result: yes
configure:3717: checking for gcc option to accept ISO C89
configure:3781: gcc  -c -g -O2  conftest.c >&5
configure:3781: $? = 0
configure:3794: result: none needed
configure:3816: checking dependency style of gcc
configure:3926: result: gcc3
configure:3951: checking how to run the C preprocessor
configure:3982: gcc -E  conftest.c
configure:3982: $? = 0
configure:3996: gcc -E  conftest.c
conftest.c:11:28: error: ac_nonexistent.h: No such file or directory
configure:3996: $? = 1
configure: failed program was:
| /* confdefs.h */
| #define PACKAGE_NAME "biker"
| #define PACKAGE_TARNAME "biker"
| #define PACKAGE_VERSION "1.0"
| #define PACKAGE_STRING "biker 1.0"
| #define PACKAGE_BUGREPORT "ponton@jabster.pl"
| #define PACKAGE_URL ""
| #define PACKAGE "biker"
| #define VERSION "1.0"
| /* end confdefs.h.  */
| #include <ac_nonexistent.h>
configure:4021: result: gcc -E
configure:4041: gcc -E  conftest.c
configure:4041: $? = 0
configure:4055: gcc -E  conftest.c
conftest.c:11:28: error: ac_nonexistent.h: No such file or directory
configure:4055: $? = 1
configure: failed program was:
| /* confdefs.h */
| #define PACKAGE_NAME "biker"
| #define PACKAGE_TARNAME "biker"
| #define PACKAGE_VERSION "1.0"
| #define PACKAGE_STRING "biker 1.0"
| #define PACKAGE_BUGREPORT "ponton@jabster.pl"
| #define PACKAGE_URL ""
| #define PACKAGE "biker"
| #define VERSION "1.0"
| /* end confdefs.h.  */
| #include <ac_nonexistent.h>
configure:4084: checking for grep that handles long lines and -e
configure:4142: result: /bin/grep
configure:4147: checking for egrep
configure:4209: result: /bin/grep -E
configure:4214: checking for ANSI C header files
configure:4234: gcc -c -g -O2  conftest.c >&5
configure:4234: $? = 0
configure:4307: gcc -o conftest -g -O2   conftest.c  >&5
configure:4307: $? = 0
configure:4307: ./conftest
configure:4307: $? = 0
configure:4318: result: yes
configure:4331: checking for sys/types.h
configure:4331: gcc -c -g -O2  conftest.c >&5
configure:4331: $? = 0
configure:4331: result: yes
configure:4331: checking for sys/stat.h
configure:4331: gcc -c -g -O2  conftest.c >&5
configure:4331: $? = 0
configure:4331: result: yes
configure:4331: checking for stdlib.h
configure:4331: gcc -c -g -O2  conftest.c >&5
configure:4331: $? = 0
configure:4331: result: yes
configure:4331: checking for string.h
configure:4331: gcc -c -g -O2  conftest.c >&5
configure:4331: $? = 0
configure:4331: result: yes
configure:4331: checking for memory.h
configure:4331: gcc -c -g -O2  conftest.c >&5
configure:4331: $? = 0
configure:4331: result: yes
configure:4331: checking for strings.h
configure:4331: gcc -c -g -O2  conftest.c >&5
configure:4331: $? = 0
configure:4331: result: yes
configure:4331: checking for inttypes.h
configure:4331: gcc -c -g -O2  conftest.c >&5
configure:4331: $? = 0
configure:4331: result: yes
configure:4331: checking for stdint.h
configure:4331: gcc -c -g -O2  conftest.c >&5
configure:4331: $? = 0
configure:4331: result: yes
configure:4331: checking for unistd.h
configure:4331: gcc -c -g -O2  conftest.c >&5
configure:4331: $? = 0
configure:4331: result: yes
configure:4346: checking for unistd.h
configure:4346: result: yes
configure:4360: checking for stdbool.h that conforms to C99
configure:4445: gcc -c -g -O2  conftest.c >&5
configure:4445: $? = 0
configure:4452: result: yes
configure:4454: checking for _Bool
configure:4454: gcc -c -g -O2  conftest.c >&5
configure:4454: $? = 0
configure:4454: gcc -c -g -O2  conftest.c >&5
conftest.c: In function 'main':
conftest.c:58: error: expected expression before ')' token
configure:4454: $? = 1
configure: failed program was:
| /* confdefs.h */
| #define PACKAGE_NAME "biker"
| #define PACKAGE_TARNAME "biker"
| #define PACKAGE_VERSION "1.0"
| #define PACKAGE_STRING "biker 1.0"
| #define PACKAGE_BUGREPORT "ponton@jabster.pl"
| #define PACKAGE_URL ""
| #define PACKAGE "biker"
| #define VERSION "1.0"
| #define STDC_HEADERS 1
| #define HAVE_SYS_TYPES_H 1
| #define HAVE_SYS_STAT_H 1
| #define HAVE_STDLIB_H 1
| #define HAVE_STRING_H 1
| #define HAVE_MEMORY_H 1
| #define HAVE_STRINGS_H 1
| #define HAVE_INTTYPES_H 1
| #define HAVE_STDINT_H 1
| #define HAVE_UNISTD_H 1
| #define HAVE_UNISTD_H 1
| /* end confdefs.h.  */
| #include <stdio.h>
| #ifdef HAVE_SYS_TYPES_H
| # include <sys/types.h>
| #endif
| #ifdef HAVE_SYS_STAT_H
| # include <sys/stat.h>
| #endif
| #ifdef STDC_HEADERS
| # include <stdlib.h>
| # include <stddef.h>
| #else
| # ifdef HAVE_STDLIB_H
| #  include <stdlib.h>
| # endif
| #endif
| #ifdef HAVE_STRING_H
| # if !defined STDC_HEADERS && defined HAVE_MEMORY_H
| #  include <memory.h>
| # endif
| # include <string.h>
| #endif
| #ifdef HAVE_STRINGS_H
| # include <strings.h>
| #endif
| #ifdef HAVE_INTTYPES_H
| # include <inttypes.h>
| #endif
| #ifdef HAVE_STDINT_H
| # include <stdint.h>
| #endif
| #ifdef HAVE_UNISTD_H
| # include <unistd.h>
| #endif
| int
| main ()
| {
| if (sizeof ((_Bool)))
| 	    return 0;
|   ;
|   return 0;
| }
configure:4454: result: yes
configure:4595: creating ./config.status

## ---------------------- ##
## Running config.status. ##
## ---------------------- ##

This file was extended by biker config.status 1.0, which was
generated by GNU Autoconf 2.64.  Invocation command line was

  CONFIG_FILES    = 
  CONFIG_HEADERS  = 
  CONFIG_LINKS    = 
  CONFIG_COMMANDS = 
  $ ./config.status 

on notlob

config.status:856: creating Makefile
config.status:856: creating src/Makefile
config.status:856: creating config.h
config.status:1076: executing depfiles commands

## ---------------- ##
## Cache variables. ##
## ---------------- ##

ac_cv_c_compiler_gnu=yes
ac_cv_cxx_compiler_gnu=yes
ac_cv_env_CCC_set=
ac_cv_env_CCC_value=
ac_cv_env_CC_set=
ac_cv_env_CC_value=
ac_cv_env_CFLAGS_set=
ac_cv_env_CFLAGS_value=
ac_cv_env_CPPFLAGS_set=
ac_cv_env_CPPFLAGS_value=
ac_cv_env_CPP_set=
ac_cv_env_CPP_value=
ac_cv_env_CXXFLAGS_set=
ac_cv_env_CXXFLAGS_value=
ac_cv_env_CXX_set=
ac_cv_env_CXX_value=
ac_cv_env_LDFLAGS_set=
ac_cv_env_LDFLAGS_value=
ac_cv_env_LIBS_set=
ac_cv_env_LIBS_value=
ac_cv_env_build_alias_set=
ac_cv_env_build_alias_value=
ac_cv_env_host_alias_set=
ac_cv_env_host_alias_value=
ac_cv_env_target_alias_set=
ac_cv_env_target_alias_value=
ac_cv_header_inttypes_h=yes
ac_cv_header_memory_h=yes
ac_cv_header_stdbool_h=yes
ac_cv_header_stdc=yes
ac_cv_header_stdint_h=yes
ac_cv_header_stdlib_h=yes
ac_cv_header_string_h=yes
ac_cv_header_strings_h=yes
ac_cv_header_sys_stat_h=yes
ac_cv_header_sys_types_h=yes
ac_cv_header_unistd_h=yes
ac_cv_objext=o
ac_cv_path_EGREP='/bin/grep -E'
ac_cv_path_GREP=/bin/grep
ac_cv_path_install='/usr/bin/install -c'
ac_cv_path_mkdir=/bin/mkdir
ac_cv_prog_AWK=mawk
ac_cv_prog_CPP='gcc -E'
ac_cv_prog_ac_ct_CC=gcc
ac_cv_prog_ac_ct_CXX=g++
ac_cv_prog_cc_c89=
ac_cv_prog_cc_g=yes
ac_cv_prog_cxx_g=yes
ac_cv_prog_make_make_set=yes
ac_cv_type__Bool=yes
am_cv_CC_dependencies_compiler_type=gcc3
am_cv_CXX_dependencies_compiler_type=gcc3

## ----------------- ##
## Output variables. ##
## ----------------- ##

ACLOCAL='${SHELL} /home/tomek/src/opengl/pgk/biker/missing --run aclocal-1.11'
AMDEPBACKSLASH='\'
AMDEP_FALSE='#'
AMDEP_TRUE=''
AMTAR='${SHELL} /home/tomek/src/opengl/pgk/biker/missing --run tar'
AUTOCONF='${SHELL} /home/tomek/src/opengl/pgk/biker/missing --run autoconf'
AUTOHEADER='${SHELL} /home/tomek/src/opengl/pgk/biker/missing --run autoheader'
AUTOMAKE='${SHELL} /home/tomek/src/opengl/pgk/biker/missing --run automake-1.11'
AWK='mawk'
CC='gcc'
CCDEPMODE='depmode=gcc3'
CFLAGS='-g -O2'
CPP='gcc -E'
CPPFLAGS=''
CXX='g++'
CXXDEPMODE='depmode=gcc3'
CXXFLAGS='-g -O2'
CYGPATH_W='echo'
DEFS='-DHAVE_CONFIG_H'
DEPDIR='.deps'
ECHO_C=''
ECHO_N='-n'
ECHO_T=''
EGREP='/bin/grep -E'
EXEEXT=''
GREP='/bin/grep'
INSTALL_DATA='${INSTALL} -m 644'
INSTALL_PROGRAM='${INSTALL}'
INSTALL_SCRIPT='${INSTALL}'
INSTALL_STRIP_PROGRAM='$(install_sh) -c -s'
LDFLAGS=''
LIBOBJS=''
LIBS=''
LTLIBOBJS=''
MAKEINFO='${SHELL} /home/tomek/src/opengl/pgk/biker/missing --run makeinfo'
MKDIR_P='/bin/mkdir -p'
OBJEXT='o'
PACKAGE='biker'
PACKAGE_BUGREPORT='ponton@jabster.pl'
PACKAGE_NAME='biker'
PACKAGE_STRING='biker 1.0'
PACKAGE_TARNAME='biker'
PACKAGE_URL=''
PACKAGE_VERSION='1.0'
PATH_SEPARATOR=':'
SET_MAKE=''
SHELL='/bin/bash'
STRIP=''
VERSION='1.0'
ac_ct_CC='gcc'
ac_ct_CXX='g++'
am__EXEEXT_FALSE=''
am__EXEEXT_TRUE='#'
am__fastdepCC_FALSE='#'
am__fastdepCC_TRUE=''
am__fastdepCXX_FALSE='#'
am__fastdepCXX_TRUE=''
am__include='include'
am__isrc=''
am__leading_dot='.'
am__quote=''
am__tar='${AMTAR} chof - "$$tardir"'
am__untar='${AMTAR} xf -'
bindir='${exec_prefix}/bin'
build_alias=''
datadir='${datarootdir}'
datarootdir='${prefix}/share'
docdir='${datarootdir}/doc/${PACKAGE_TARNAME}'
dvidir='${docdir}'
exec_prefix='${prefix}'
host_alias=''
htmldir='${docdir}'
includedir='${prefix}/include'
infodir='${datarootdir}/info'
install_sh='${SHELL} /home/tomek/src/opengl/pgk/biker/install-sh'
libdir='${exec_prefix}/lib'
libexecdir='${exec_prefix}/libexec'
localedir='${datarootdir}/locale'
localstatedir='${prefix}/var'
mandir='${datarootdir}/man'
mkdir_p='/bin/mkdir -p'
oldincludedir='/usr/include'
pdfdir='${docdir}'
prefix='/usr/local'
program_transform_name='s,x,x,'
psdir='${docdir}'
sbindir='${exec_prefix}/sbin'
sharedstatedir='${prefix}/com'
sysconfdir='${prefix}/etc'
target_alias=''

## ----------- ##
## confdefs.h. ##
## ----------- ##

/* confdefs.h */
#define PACKAGE_NAME "biker"
#define PACKAGE_TARNAME "biker"
#define PACKAGE_VERSION "1.0"
#define PACKAGE_STRING "biker 1.0"
#define PACKAGE_BUGREPORT "ponton@jabster.pl"
#define PACKAGE_URL ""
#define PACKAGE "biker"
#define VERSION "1.0"
#define STDC_HEADERS 1
#define HAVE_SYS_TYPES_H 1
#define HAVE_SYS_STAT_H 1
#define HAVE_STDLIB_H 1
#define HAVE_STRING_H 1
#define HAVE_MEMORY_H 1
#define HAVE_STRINGS_H 1
#define HAVE_INTTYPES_H 1
#define HAVE_STDINT_H 1
#define HAVE_UNISTD_H 1
#define HAVE_UNISTD_H 1
#define HAVE__BOOL 1
#define HAVE_STDBOOL_H 1

configure: exit 0
